1 0.5
2 -0.5
3 -1.0
4 0.0999908447265625
5 0.0000152587890625
6 0.0
7 0.0000152587890625
8 -0.0000152587890625
9 0.0
10 -0.0000152587890625
11 0.9999847412109375
12 -0.9999847412109375
13 0.000030517578125
14 0.0000457763671875
15 0.0001068115234375
16 0.31414794921875
17 0.0
18 0.25
19 0.125
20 0.0625
21 0.03125
22 0.015625
23 0.0078125
24 0.00390625
25 0.001953125
26 0.0009765625
27 0.00048828125
28 0.000244140625
29 0.0001220703125
30 0.00006103515625
31 0.000030517578125
32 0.0000152587890625
33 -0.25
34 -0.125
35 -0.0625
36 -0.03125
37 -0.015625
38 -0.0078125
39 -0.00390625
40 -0.001953125
41 -0.0009765625
42 -0.00048828125
43 -0.000244140625
44 -0.0001220703125
45 -0.00006103515625
46 -0.000030517578125
47 -0.0000152587890625
48 -0.5
49 -0.75
50 -0.875
51 -0.9375
52 -0.96875
53 -0.984375
54 -0.9921875
55 -0.99609375
56 -0.998046875
57 -0.9990234375
58 -0.99951171875
59 -0.999755859375
60 -0.9998779296875
61 -0.99993896484375
62 -0.999969482421875
63 -0.9999847412109375
64 0.1110992431640625
65 0.2222137451171875
66 0.3333282470703125
67 0.4444427490234375
68 0.5555419921875
69 0.666656494140625
70 0.77777099609375
71 0.888885498046875
72 -0.1110992431640625
73 -0.2222137451171875
74 -0.3333282470703125
75 -0.4444427490234375
76 -0.5555419921875
77 -0.666656494140625
78 -0.77777099609375
79 -0.888885498046875
80 0.0
81 0.0
82 0.0
83 0.0000152587890625
84 0.0000152587890625
85 0.000030517578125
86 0.0000457763671875
87 0.0000457763671875
88 0.00006103515625
89 0.0000762939453125
90 0.0000762939453125
91 0.0
92 -0.0000152587890625
93 -0.0000152587890625
94 -0.000030517578125
95 -0.0000457763671875
96 -0.0000457763671875
97 -0.00006103515625
98 -0.0000762939453125
99 -0.0000762939453125
100 0.000091552734375
101 0.0001983642578125
102 0.0002899169921875
103 0.000396728515625
104 0.00048828125
105 0.0005950927734375
106 0.0006866455078125
107 0.00079345703125
108 0.000885009765625
109 -0.000091552734375
110 -0.0001983642578125
111 -0.0002899169921875
112 -0.000396728515625
113 -0.00048828125
114 -0.0005950927734375
115 -0.0006866455078125
116 -0.00079345703125
117 -0.000885009765625
118 0.0009918212890625
119 0.0019989013671875
120 0.00299072265625
121 0.003997802734375
122 0.0049896240234375
123 0.0059967041015625
124 0.006988525390625
125 0.00799560546875
126 0.0089874267578125
127 -0.0009918212890625
128 -0.0019989013671875
129 -0.00299072265625
130 -0.003997802734375
131 -0.0049896240234375
132 -0.0059967041015625
133 -0.006988525390625
134 -0.00799560546875
135 -0.0089874267578125
136 0.0099945068359375
137 0.019989013671875
138 0.029998779296875
139 0.0399932861328125
140 0.04998779296875
141 0.05999755859375
142 0.0699920654296875
143 0.079986572265625
144 0.089996337890625
145 -0.0099945068359375
146 -0.019989013671875
147 -0.029998779296875
148 -0.0399932861328125
149 -0.04998779296875
150 -0.05999755859375
151 -0.0699920654296875
152 -0.079986572265625
153 -0.089996337890625
154 0.0999908447265625
155 0.1999969482421875
156 0.29998779296875
157 0.399993896484375
158 0.5
159 0.5999908447265625
160 0.6999969482421875
161 0.79998779296875
162 0.899993896484375
163 -0.0999908447265625
164 -0.1999969482421875
165 -0.29998779296875
166 -0.399993896484375
167 -0.5
168 -0.5999908447265625
169 -0.6999969482421875
170 -0.79998779296875
171 -0.899993896484375
172 0.0999908447265625
173 0.1999969482421875
174 0.29998779296875
175 0.399993896484375
176 0.5
177 0.5999908447265625
178 0.6999969482421875
179 0.79998779296875
180 0.899993896484375
181 0.75
182 0.7500152587890625
183 0.1875
184 0.1875152587890625
185 0.3125
186 0.3125152587890625
187 0.375
188 0.3750152587890625
189 0.4375
190 0.4375152587890625
191 0.5625
192 0.5625152587890625
193 0.625
194 0.6250152587890625
195 0.6875
196 0.6875152587890625
197 0.8125
198 0.8125152587890625
199 0.875
200 0.8750152587890625
201 0.9375
202 0.9375152587890625
203 -0.8125
204 -0.8124847412109375
205 -0.6875
206 -0.6874847412109375
207 -0.625
208 -0.6249847412109375
209 -0.5625
210 -0.5624847412109375
211 -0.4375
212 -0.4374847412109375
213 -0.375
214 -0.3749847412109375
215 -0.3125
216 -0.3124847412109375
217 0.000701904296875
218 0.064544677734375
219 0.128326416015625
220 0.192596435546875
221 0.256927490234375
222 0.320953369140625
223 0.385589599609375
224 0.449737548828125
225 0.514068603515625
226 0.578460693359375
227 0.643280029296875
228 0.707427978515625
229 0.772186279296875
230 0.836822509765625
231 0.901214599609375
232 0.965179443359375
233 -0.971405029296875
234 -0.906707763671875
235 -0.842559814453125
236 -0.778045654296875
237 -0.712860107421875
238 -0.648162841796875
239 -0.583282470703125
240 -0.518341064453125
241 -0.454254150390625
242 -0.389312744140625
243 -0.325042724609375
244 -0.259918212890625
245 -0.195037841796875
246 -0.130157470703125
247 -0.064605712890625
248 -0.000274658203125
249 0.0007171630859375
250 0.0645599365234375
251 0.1283416748046875
252 0.1926116943359375
253 0.2569427490234375
254 0.3209686279296875
255 0.3856048583984375
256 0.4497528076171875
257 0.5140838623046875
258 0.5784759521484375
259 0.6432952880859375
260 0.7074432373046875
261 0.7722015380859375
262 0.8368377685546875
263 0.9012298583984375
264 0.9651947021484375
265 -0.9713897705078125
266 -0.9066925048828125
267 -0.8425445556640625
268 -0.7780303955078125
269 -0.7128448486328125
270 -0.6481475830078125
271 -0.5832672119140625
272 -0.5183258056640625
273 -0.4542388916015625
274 -0.3892974853515625
275 -0.3250274658203125
276 -0.2599029541015625
277 -0.1950225830078125
278 -0.1301422119140625
279 -0.0645904541015625
280 -0.0002593994140625
281 -0.061798095703125
282 -0.122955322265625
283 -0.184173583984375
284 -0.244903564453125
285 -0.305572509765625
286 -0.366546630859375
287 -0.426910400390625
288 -0.487762451171875
289 -0.548431396484375
290 -0.609039306640625
291 -0.669219970703125
292 -0.730072021484375
293 -0.790313720703125
294 -0.850677490234375
295 -0.911285400390625
296 -0.972320556640625
297 0.966094970703125
298 0.905792236328125
299 0.844940185546875
300 0.784454345703125
301 0.724639892578125
302 0.664337158203125
303 0.604217529296875
304 0.544158935546875
305 0.483245849609375
306 0.423187255859375
307 0.362457275390625
308 0.302581787109375
309 0.242462158203125
310 0.182342529296875
311 0.122894287109375
312 0.062225341796875
313 -0.061798095703125
314 -0.122955322265625
315 -0.184173583984375
316 -0.244903564453125
317 -0.305572509765625
318 -0.366546630859375
319 -0.426910400390625
320 -0.487762451171875
321 -0.548431396484375
322 -0.609039306640625
323 -0.669219970703125
324 -0.730072021484375
325 -0.790313720703125
326 -0.850677490234375
327 -0.911285400390625
328 -0.972320556640625
329 0.966094970703125
330 0.905792236328125
331 0.844940185546875
332 0.784454345703125
333 0.724639892578125
334 0.664337158203125
335 0.604217529296875
336 0.544158935546875
337 0.483245849609375
338 0.423187255859375
339 0.362457275390625
340 0.302581787109375
341 0.242462158203125
342 0.182342529296875
343 0.122894287109375
344 0.062225341796875
345 -0.0617828369140625
346 -0.1229400634765625
347 -0.1841583251953125
348 -0.2448883056640625
349 -0.3055572509765625
350 -0.3665313720703125
351 -0.4268951416015625
352 -0.4877471923828125
353 -0.5484161376953125
354 -0.6090240478515625
355 -0.6692047119140625
356 -0.7300567626953125
357 -0.7902984619140625
358 -0.8506622314453125
359 -0.9112701416015625
360 -0.9723052978515625
361 0.9661102294921875
362 0.9058074951171875
363 0.8449554443359375
364 0.7844696044921875
365 0.7246551513671875
366 0.6643524169921875
367 0.6042327880859375
368 0.5441741943359375
369 0.4832611083984375
370 0.4232025146484375
371 0.3624725341796875
372 0.3025970458984375
373 0.2424774169921875
374 0.1823577880859375
375 0.1229095458984375
376 0.0622406005859375
