1 1
2 5
3 411495886
4 24383845
5 264080263
6 2479181
7 3309351
8 141972065
9 49039792
10 3022339
11 35406817
12 81229729
13 2157601
14 22120696
15 175629
16 224794256
17 20118209
18 11931021
19 43158521
20 58219271
21 7610545
22 208044343
23 965641
24 80873893
25 185983796
26 34978321
27 167260691
28 159519460
29 33607699
30 47416027
31 3396974
32 255926657
33 53338855
34 42981565
35 5712505
36 50321
37 36179367
38 21923929
39 17434771
40 97979840
41 42522229
42 3619486
43 58334025
44 1509223
45 1981521
46 90182247
47 15475177
48 71174125
49 7273190
50 4889549
51 47749561
52 3443941
53 46482074
54 107242091
55 2018485
56 95761272
57 202402817
58 217351603
59 94294773
60 83617885
61 113401
62 152440889
63 609553
64 49330891
65 60019963
66 44680951
67 63650665
68 635779
69 38100001
70 104678981
71 116120444
72 34559185
73 2097357
74 34158431
75 83391753
76 69006989
77 14514124
78 11144513
79 998785
80 9331127
81 76112180
82 147241
83 39440193
84 67405047
85 12320071
86 23623795
87 688331
88 2169397
89 14503105
90 181626267
91 1944001
92 35808517
93 29217
94 173840621
95 104985145
96 39450389
97 13311941
98 60981749
99 179313226
100 20698737
101 9813556
102 138118051
103 246079
104 2449486
105 43255668
106 66075298
107 177007546
108 34478261
109 31419
110 5532166
111 181771630
112 56263609
113 177158593
114 12930699
115 82413551
116 44816773
117 137059480
118 238583629
119 72366601
120 53178679
121 177384769
122 5347759
123 114713941
124 5179261
125 214598461
126 37104751
127 165537
128 25404051
129 90397
130 23468666
131 1067606
132 161497382
133 215490549
134 82215784
135 89326530
136 47650101
137 49456057
138 138857351
139 46870783
140 76374040
141 62289346
142 38959689
143 26089661
144 9634924
145 75711603
146 75040585
147 4615917
148 9935056
149 3255305
150 14140594
151 66191631
152 8622631
153 1537291
154 40140935
155 8012971
156 71071001
157 88002041
158 8824208
159 50473254
160 14320813
161 56608282
162 80082955
163 6891626
164 88825689
165 16472091
166 42547025
167 6442291
168 259224161
169 45050751
170 27217
171 28319589
172 195296711
173 2339236
174 14364868
175 90529261
176 765261
177 240401932
178 111344979
179 21767393
180 10794701
181 20820826
182 860497
183 70308003
184 104483933
185 39026081
186 13027268
187 220933616
188 41253301
189 901504
190 96416821
191 216165950
192 201437860
193 82838643
194 49041
195 31353029
196 11636329
197 8251789
198 92446898
199 1769
200 13777079
201 9769642
202 2242945
203 48178811
204 213645313
205 141586481
206 43893991
207 2448373
208 3706719
209 45466131
210 117341195
211 23762311
212 134355768
213 23710737
214 194873001
215 189743632
216 375517
217 38512085
218 223527157
219 2331154
220 2776561
221 1147371
222 27430689
223 29683
224 11723006
225 12599901
226 4234231
227 1888049
228 213775441
229 11497201
230 1761489
231 37940025
232 5320729
233 30838016
234 2527716
235 40398229
236 28027921
237 112182045
238 136
239 82901953
240 241502465
241 108491914
242 38860966
243 327953
244 21024649
245 71257681
246 28074901
247 23229676
248 3605266
249 58001821
250 34001409
251 86951712
252 99539017
253 5681159
254 116867683
255 9284160
256 59403486
257 33573025
258 373267
259 60145351
260 29961433
261 8765396
262 5008865
263 729831
264 125103997
265 47859259
266 22779808
267 103147183
268 3087881
269 100191827
270 425167
271 46822081
272 8733421
273 8693521
274 25366119
275 87325255
276 5396257
277 25770460
278 13013215
279 16929155
280 1153205
281 38008126
282 201135
283 31168639
284 988262
285 14729761
286 39407971
287 102993
288 72244
289 123101521
290 7658021
291 91278889
292 64760181
293 28330753
294 2093291
295 73091073
296 158083565
297 8709541
298 61636351
299 19044529
300 98815436
301 893692
302 23366789
303 15367561
304 10919191
305 396018
306 2692306
307 2565947
308 83693542
309 184799245
310 1630171
311 480979
312 76686793
313 13181
314 5975143
315 117117731
316 11189916
317 48044576
318 71387764
319 39730465
320 24508991
321 10820540
322 745843
323 5079552
324 34875202
325 3999085
326 53448868
327 125062961
328 115132601
329 18381763
330 119084296
331 26765985
332 497395
333 95414554
334 37119369
335 84870475
336 29242473
337 8113026
338 246098233
339 28991489
340 416151
341 27263075
342 44006509
343 86498545
344 94898433
345 3739426
346 5138531
347 9136124
348 29631472
349 361651
350 28784673
351 56673019
352 65956693
353 62983857
354 123486454
355 65592449
356 12646281
357 17403861
358 75972153
359 100410331
360 22062061
361 5465488
362 64444299
363 22917265
364 767109
365 70968351
366 124841701
367 7661143
368 23237221
369 162767082
370 6438401
371 954389
372 168505591
373 12877393
374 1505881
375 22073551
376 1736811
377 32437021
378 77268009
379 4082797
380 14831527
381 24586970
382 43747151
383 7636595
384 150834643
385 239024033
386 76622365
387 19808305
388 13011649
389 209466181
390 23698991
391 108568641
392 9163702
393 28405694
394 4481056
395 49897773
396 12732965
397 3451696
398 29676193
399 96276115
400 11812961
401 2239329
402 4629665
403 1874287
404 12344905
405 35184067
406 64517237
407 88136703
408 6959
409 95041324
410 28143001
411 15762969
412 758385
413 135453967
414 118565105
415 9636670
416 113633
417 210412315
418 5600763
419 12832410
420 213316030
421 21594529
422 11216895
423 81060085
424 51784091
425 66004205
426 6864751
427 48045490
428 6567212
429 3103101
430 27406912
431 135721508
432 73527701
433 3073601
434 181029601
435 23475871
436 176573684
437 1604589
438 74090784
439 55014898
440 1972101
441 20901305
442 52248625
443 18312553
444 62484125
445 47908205
446 1611361
447 142112192
448 1344209
449 117427726
450 158067100
451 19883887
452 11318133
453 91083218
454 35351513
455 46583809
456 13685970
457 19024796
458 24439359
459 143651431
460 57707295
461 177156343
462 40782382
463 8124960
464 17138001
465 111973
466 94302325
467 44416001
468 95521381
469 39262051
470 87337501
471 22348184
472 25745641
473 78373553
474 63124021
475 25702986
476 87336751
477 328736
478 3061585
479 52607547
480 63494569
481 93344885
482 24211321
483 10648369
484 174613237
485 19683451
486 71033755
487 15040039
488 118565860
489 41816977
490 111721901
491 94819167
492 44451
493 653941
494 210881881
495 187135355
496 7203509
497 94500158
498 5314735
499 39177051
500 42881411
501 146007914
502 11504845
503 7822193
504 210985105
505 10244417
506 144537793
507 121367753
508 146852407
509 8398389
510 65736625
511 127233586
512 195570909
513 19117099
514 65407321
515 28443721
516 37847613
517 105655081
518 179649
519 2412276
520 546121
521 18096183
522 779189
523 115021441
524 96251655
525 48851081
526 9451702
527 19217341
528 4529675
529 149114164
530 163638292
531 17777601
532 12567257
533 46645
534 73104756
535 29881501
536 49328269
537 10056871
538 204981
539 146662705
540 20426257
541 236297287
542 110355961
543 9498214
544 64446589
545 219720817
546 162276271
547 91839439
548 120108133
549 64801498
550 72577953
551 76493925
552 419
553 75078481
554 84196641
555 71687353
556 21968221
557 72498673
558 47
559 65236753
560 82996250
561 170829601
562 44555701
563 67136209
564 50341366
565 41656521
566 567361
567 38858251
568 34503749
569 95937477
570 55349835
571 121499511
572 79124536
573 34983533
574 14062833
575 10269979
576 8227991
577 7536285
578 245168317
579 113735569
580 79224406
581 113709118
582 25653405
583 359809
584 1033033
585 40304975
586 97997653
587 30259763
588 118604542
589 53031352
590 77083281
591 227740714
592 174005660
593 24642184
594 10975875
595 12098980
596 34025281
597 103637341
598 182304769
599 15725802
600 15205147
601 15409479
602 40390827
603 77154881
604 122
605 5434537
606 106456636
607 119050471
608 14237212
609 39086653
610 60377206
611 810954
612 29060641
613 40979111
614 243041
615 3329670
616 8356525
617 25306275
618 21563557
619 50535536
620 140452267
621 2614141
622 4666651
623 29312253
624 12355329
625 163081
626 23299585
627 10147050
628 183696769
629 120951
630 22464841
631 49002961
632 20799879
633 1220746
634 78112531
635 17558935
636 118496649
637 1985029
638 7751143
639 57277591
640 14187825
641 261560674
642 14188931
643 76439558
644 126889709
645 2961649
646 167595714
647 943351
648 40063643
649 27254497
650 15776047
651 3532387
652 778209
653 7143150
654 7146167
655 21463657
656 106024326
657 107754403
658 135513546
659 116323684
660 87060751
661 158159673
662 42851251
663 57993468
664 2059435
665 91032262
666 59992687
667 45628518
668 1648929
669 306916
670 4617149
671 8789089
672 3732531
673 1152901
674 2584506
675 23198043
676 115393425
677 25602146
678 23108363
679 88707600
680 80781101
681 36149251
682 80414373
683 118892817
684 137458457
685 15910273
686 90433747
687 29293155
688 9541659
689 124049876
690 24421057
691 214641463
692 22170324
693 10625137
694 2726301
695 10109548
696 20772179
697 100037611
698 58307920
699 113531781
700 245803836
701 45883675
702 86690881
703 225795826
704 43777
705 258197085
706 15837933
707 2568511
708 20209685
709 52211143
710 55124255
711 127599009
712 6636543
713 58285657
714 1464381
715 70732201
716 5289115
717 27865891
718 41869267
719 178900905
720 8607705
721 151922143
722 106032397
723 843823
724 901481
725 125027691
726 8738281
727 2209201
728 65557379
729 201365116
730 220047301
731 2120889
732 16483949
733 7181751
734 95698
735 2481799
736 27419017
737 1461851
738 22530934
739 209343832
740 15980485
741 12617203
742 39360225
743 96423296
744 22866691
745 6632347
746 151658690
747 111777106
748 1121141
749 24913333
750 3896282
751 164101198
752 120172313
753 69904657
754 18093739
755 84361968
756 80147296
757 55425943
758 5519383
759 1260241
760 20938617
761 85686482
762 81704833
763 62977
764 76638541
765 29679
766 367587
767 3110947
768 5051761
769 34693730
770 33875677
771 38410637
772 111481327
773 163555281
774 161186761
775 1053706
776 40078
777 27916245
778 13543186
779 4816529
780 11272420
781 94600921
782 31265905
783 42754801
784 192703246
785 69148430
786 108215445
787 19133480
788 266229556
789 12993823
790 156169
791 3487681
792 95384173
793 132992
794 53129017
795 223226566
796 29910583
797 149701399
798 29936152
799 89685658
800 61839439
801 26890809
802 54968065
803 288603
804 85933450
805 11066485
806 36851751
807 624141
808 3408817
809 12331
810 6420961
811 13110761
812 206334961
813 17176805
814 8696349
815 154552817
816 147040276
817 59756866
818 42510001
819 84594961
820 48483338
821 62298133
822 208084185
823 142592257
824 95824334
825 23284878
826 462301
827 33307951
828 21514277
829 43919809
830 16540
831 14227201
832 6141530
833 1329921
834 13409806
835 1061503
836 153614991
837 14200705
838 39821926
839 27636391
840 448631
841 9223073
842 473929
843 100535016
844 2282281
845 176772961
846 24475492
847 103283095
848 92417491
849 222401305
850 21632248
851 29644039
852 724006
853 57174706
854 44
855 12353767
856 57634891
857 74137876
858 119447971
859 3326849
860 13600129
861 183372313
862 86015051
863 91122351
864 37586173
865 105716986
866 13767751
867 187427790
868 120867814
869 5139945
870 34933771
871 20603110
872 16559965
873 56300515
874 3393307
875 101716069
876 5211481
877 206938639
878 66920920
879 98578403
880 2365903
881 90865801
882 73598305
883 21124903
884 17551860
885 109563355
886 103615261
887 32476978
888 905741
889 27876113
890 188242313
891 2297269
892 4858393
893 36461816
894 11788660
895 41484772
896 69302521
897 85463
898 6537175
899 212503531
900 44475393
901 110546418
902 12605889
903 314331
904 4707533
905 7456121
906 127414
907 26690014
908 2110887
909 17501732
910 23024782
911 127610751
912 1611566
913 99829
914 1372951
915 17231187
916 2420871
917 10312341
918 3558333
919 3050881
920 42471821
921 220144459
922 82314611
923 65443465
924 196901881
925 8371001
926 42880001
927 40641505
928 6923425
929 207144
930 39521
931 8872755
932 253649089
933 99991
934 21368474
935 89799419
936 135458777
937 116795260
938 57540961
939 298243
940 52957334
941 744141
942 46352174
943 70919937
944 1649133
945 162944508
946 7651725
947 4505377
948 88455059
949 1042477
950 28528941
951 40339911
952 127860679
953 5191681
954 204348041
955 150069426
956 249072685
957 236965106
958 3911809
959 39465251
960 15916645
961 104190823
962 41104333
963 16647074
964 26125023
965 179316801
966 218685
967 32477
968 87005185
969 2431969
970 83698217
971 62701753
972 5996929
973 14282789
974 4886531
975 71352121
976 30726983
977 100875853
978 155214081
979 121044771
980 234711663
981 90132505
982 35753831
983 7726123
984 123927
985 2334277
986 24673609
987 38200123
988 69439085
989 102053070
990 514108
