8h 7w 9w 6h 5h 4h 3h 2h 1h
9h 8h 7h 6w 3h 4w 5h 2h 1h
8h 4w 5h 3h 2h 1w 6w 9h 7h
9h 8w 6w 7h 5h 4h 2h 1h 3w
6h 5w 4h 8w 9h 7h 3h 2h 1h
bad luck
bad luck
8h 7h 9w 5h 4h 3h 6h 2h 1h
7h 6w 5w 3h 9h 2w 1w 4h 8w
9h 5h 7h 3h 2h 6h 8w 4h 1h
bad luck
29w 28h 25h 23w 22w 20h 18w 16h 15w 19h 14w 13w 21w 12h 11w 10w 9w 27w 7w 6w 26w 17h 5h 24h 8h 4h 3h 2h 1h
bad luck
29w 28h 26h 25h 23h 19w 17w 18w 15w 21h 14w 12w 16w 13w 11h 10h 9h 8h 6h 5h 4h 3h 2w 7w 24h 22h 27h 1w 20h
28w 26h 24w 25w 22w 19h 23w 16h 15h 14w 13h 11w 10w 27w 9h 20w 8h 7h 6h 4h 3h 18w 5w 21h 29w 2h 1h 17h 12h
bad luck
29w 27h 25h 24h 23w 22h 20h 19h 18h 17h 16w 15w 14w 13h 12w 28h 11h 10h 26h 8w 7h 6h 5h 4h 9w 21h 3h 2w 1h
bad luck
26h 24w 22h 21h 20w 19h 25w 18w 16h 15h 14w 17h 13h 23h 12h 10h 9w 8h 28w 29h 11w 7h 6h 27w 5h 4h 3w 2h 1h
23w 22w 20h 18w 17h 15w 14h 28h 11h 10h 13h 21w 29w 9h 8h 7h 6h 5h 27w 4w 16h 19w 12h 26w 24h 25h 3h 2h 1h
26h 24w 17h 15h 14w 19w 18w 25w 22h 13h 11h 9w 21h 8w 6h 5h 4w 23w 3w 28w 20w 12h 10w 16h 7h 27w 2h 1h 29w
bad luck
bad luck
bad luck
bad luck
bad luck
bad luck
bad luck
bad luck
bad luck
