1
2
1
2
not accepted
not accepted
2
not accepted
1
2

not accepted
1
2
4
4
not accepted
2
not accepted
3
2
2
2
2
not accepted
not accepted
2
4
3
4
1

not accepted
5
20
7
15
6
16
24
22
3
13
1
17
1
16
17
22
18
7
9
22
22
22
23
10
25
23
18
7
1
10
20
8
9
24
3
4
21
20
2
3
4
1
5
2
13
21
23
2
11
not accepted
18
7
6
11
11
17
3
not accepted
12
4
2
5
11
22
12
8
5
8
14
9
11
9
21
2
2
20
20
2
1
24
24
16
25
15
1
6
17
19
15
25
19
13
17
23
9
20
3
4
6
10
6
1
10
14
1
20
19
4
14

not accepted
27
37
18
30
31
31
28
48
not accepted
8
44
9
21
9
32
38
10
7
17
36
11
45
12
44
33
22
38
8
28
21
49
47
50
25
9
4
44
45
24
24
19
16
4
10
not accepted
46
33
50
26
47
18
33
8
38
43
47
47
37
2
6
38
47
17
25
7
37
42
34
26
10
36
49
38
21
14
9
not accepted
19
23
15
22
7
42
23
36
1
15
13
44
17
40
7
24
43
not accepted
23
27
26
22
35
29
41
46
5
2
49
16
45
29
4
36
45
25
50
42
8
43
23
41
47
21
36
50
3
18
49
6
14
24
22
19
11
48
21
28
1
7
6
49
49
9
46
48
5
6
3
11
49
41

